2021-10-23 22:02:57:257 [32minfo[39m: [32mSeeding to mongo atlas fonxyOps STANCE instance[39m
2021-10-23 22:03:04:34 [32minfo[39m: [32mUpdated 160 currencies[39m
2021-10-23 22:03:04:34 [32minfo[39m: [32mCreated user: undefined[39m
2021-10-23 22:03:04:34 [32minfo[39m: [32mSeeded Users[39m
2021-10-23 22:03:06:36 [33mwarn[39m: [33mDeleting all exchanges to add new records collected[39m
2021-10-23 22:03:10:310 [33mwarn[39m: [33mNo currency found for exchange: Indices because exchange currency is: Unknown - adding with null currency reference[39m
2021-10-23 22:03:10:310 [33mwarn[39m: [33mNo currency found for exchange: Money Market Virtual Exchange because exchange currency is: Unknown - adding with null currency reference[39m
2021-10-23 22:03:11:311 [33mwarn[39m: [33mNo currency found for exchange: Government Bonds because exchange currency is: Unknown - adding with null currency reference[39m
2021-10-23 22:03:11:311 [33mwarn[39m: [33mNo currency found for exchange: Cryptocurrencies because exchange currency is: Unknown - adding with null currency reference[39m
2021-10-23 22:03:11:311 [33mwarn[39m: [33mNo currency found for exchange: Commodities because exchange currency is: Unknown - adding with null currency reference[39m
2021-10-23 22:03:11:311 [33mwarn[39m: [33mNo currency found for exchange: FOREX because exchange currency is: Unknown - adding with null currency reference[39m
2021-10-23 22:03:11:311 [32minfo[39m: [32mSeeded 77 Exchanges[39m
2021-10-23 22:03:11:311 [32minfo[39m: [32mPurging automatically seeded parties[39m
2021-10-23 22:03:12:312 [32minfo[39m: [32mCreated party: undefined[39m
2021-10-23 22:03:12:312 [32minfo[39m: [32mSeeded Parties[39m
2021-10-23 22:03:12:312 [32minfo[39m: [32mPurging test user accounts[39m
2021-10-23 22:04:56:456 [32minfo[39m: [32mSeeding to mongo atlas fonxyOps STANCE instance[39m
2021-10-23 22:05:03:53 [32minfo[39m: [32mUpdated 160 currencies[39m
2021-10-23 22:05:03:53 [32minfo[39m: [32mCreated user: undefined[39m
2021-10-23 22:05:03:53 [32minfo[39m: [32mSeeded Users[39m
2021-10-23 22:05:04:54 [33mwarn[39m: [33mDeleting all exchanges to add new records collected[39m
2021-10-23 22:05:09:59 [33mwarn[39m: [33mNo currency found for exchange: Indices because exchange currency is: Unknown - adding with null currency reference[39m
2021-10-23 22:05:09:59 [33mwarn[39m: [33mNo currency found for exchange: Money Market Virtual Exchange because exchange currency is: Unknown - adding with null currency reference[39m
2021-10-23 22:05:09:59 [33mwarn[39m: [33mNo currency found for exchange: Government Bonds because exchange currency is: Unknown - adding with null currency reference[39m
2021-10-23 22:05:10:510 [33mwarn[39m: [33mNo currency found for exchange: Cryptocurrencies because exchange currency is: Unknown - adding with null currency reference[39m
2021-10-23 22:05:10:510 [33mwarn[39m: [33mNo currency found for exchange: Commodities because exchange currency is: Unknown - adding with null currency reference[39m
2021-10-23 22:05:10:510 [33mwarn[39m: [33mNo currency found for exchange: FOREX because exchange currency is: Unknown - adding with null currency reference[39m
2021-10-23 22:05:10:510 [32minfo[39m: [32mSeeded 77 Exchanges[39m
2021-10-23 22:05:10:510 [32minfo[39m: [32mPurging automatically seeded parties[39m
2021-10-23 22:05:11:511 [32minfo[39m: [32mCreated party: undefined[39m
2021-10-23 22:05:11:511 [32minfo[39m: [32mSeeded Parties[39m
2021-10-23 22:05:11:511 [32minfo[39m: [32mPurging test user accounts[39m
2021-10-23 22:05:11:511 [32minfo[39m: [32mUpdating account unitValue in pre save Hook[39m
2021-10-23 22:05:12:512 [32minfo[39m: [32mUpdating account unitValue in pre save Hook[39m
2021-10-23 22:05:12:512 [32minfo[39m: [32mUpdating account unitValue in pre save Hook[39m
2021-10-23 22:05:12:512 [32minfo[39m: [32mUpdating account unitValue in pre save Hook[39m
2021-10-23 22:05:12:512 [32minfo[39m: [32mSeeded 6 Accounts for user: fonyx[39m
2021-10-23 22:05:12:512 [32minfo[39m: [32mPurging transactions for test user[39m
2021-10-23 22:05:13:513 [32minfo[39m: [32mSeeded 8 Transactions for user: fonyx[39m
2021-10-23 22:06:31:631 [32minfo[39m: [32mSeeding to mongo atlas fonxyOps STANCE instance[39m
2021-10-23 22:06:40:640 [32minfo[39m: [32mUpdated 160 currencies[39m
2021-10-23 22:06:41:641 [32minfo[39m: [32mCreated user: undefined[39m
2021-10-23 22:06:41:641 [32minfo[39m: [32mSeeded Users[39m
2021-10-23 22:06:41:641 [33mwarn[39m: [33mDeleting all exchanges to add new records collected[39m
2021-10-23 22:06:46:646 [33mwarn[39m: [33mNo currency found for exchange: Indices because exchange currency is: Unknown - adding with null currency reference[39m
2021-10-23 22:06:47:647 [33mwarn[39m: [33mNo currency found for exchange: Money Market Virtual Exchange because exchange currency is: Unknown - adding with null currency reference[39m
2021-10-23 22:06:47:647 [33mwarn[39m: [33mNo currency found for exchange: Government Bonds because exchange currency is: Unknown - adding with null currency reference[39m
2021-10-23 22:06:47:647 [33mwarn[39m: [33mNo currency found for exchange: Cryptocurrencies because exchange currency is: Unknown - adding with null currency reference[39m
2021-10-23 22:06:47:647 [33mwarn[39m: [33mNo currency found for exchange: Commodities because exchange currency is: Unknown - adding with null currency reference[39m
2021-10-23 22:06:47:647 [33mwarn[39m: [33mNo currency found for exchange: FOREX because exchange currency is: Unknown - adding with null currency reference[39m
2021-10-23 22:06:47:647 [32minfo[39m: [32mSeeded 77 Exchanges[39m
2021-10-23 22:06:47:647 [32minfo[39m: [32mPurging automatically seeded parties[39m
2021-10-23 22:06:48:648 [32minfo[39m: [32mCreated party: undefined[39m
2021-10-23 22:06:48:648 [32minfo[39m: [32mSeeded Parties[39m
2021-10-23 22:06:54:654 [32minfo[39m: [32mPurging test user accounts[39m
2021-10-23 22:09:35:935 [32minfo[39m: [32mSeeding to mongo atlas fonxyOps STANCE instance[39m
2021-10-23 22:09:42:942 [32minfo[39m: [32mUpdated 160 currencies[39m
2021-10-23 22:09:42:942 [32minfo[39m: [32mCreated user: undefined[39m
2021-10-23 22:09:42:942 [32minfo[39m: [32mSeeded Users[39m
2021-10-23 22:09:43:943 [33mwarn[39m: [33mDeleting all exchanges to add new records collected[39m
2021-10-23 22:09:49:949 [33mwarn[39m: [33mNo currency found for exchange: Indices because exchange currency is: Unknown - adding with null currency reference[39m
2021-10-23 22:09:49:949 [33mwarn[39m: [33mNo currency found for exchange: Money Market Virtual Exchange because exchange currency is: Unknown - adding with null currency reference[39m
2021-10-23 22:09:49:949 [33mwarn[39m: [33mNo currency found for exchange: Government Bonds because exchange currency is: Unknown - adding with null currency reference[39m
2021-10-23 22:09:49:949 [33mwarn[39m: [33mNo currency found for exchange: Cryptocurrencies because exchange currency is: Unknown - adding with null currency reference[39m
2021-10-23 22:09:49:949 [33mwarn[39m: [33mNo currency found for exchange: Commodities because exchange currency is: Unknown - adding with null currency reference[39m
2021-10-23 22:09:49:949 [33mwarn[39m: [33mNo currency found for exchange: FOREX because exchange currency is: Unknown - adding with null currency reference[39m
2021-10-23 22:09:50:950 [32minfo[39m: [32mSeeded 77 Exchanges[39m
2021-10-23 22:10:31:1031 [32minfo[39m: [32mPurging automatically seeded parties[39m
2021-10-23 22:10:38:1038 [32minfo[39m: [32mCreated party: undefined[39m
2021-10-23 22:10:38:1038 [32minfo[39m: [32mSeeded Parties[39m
2021-10-23 22:10:38:1038 [32minfo[39m: [32mPurging test user accounts[39m
2021-10-23 22:10:39:1039 [32minfo[39m: [32mUpdating account unitValue in pre save Hook[39m
2021-10-23 22:10:39:1039 [32minfo[39m: [32mUpdating account unitValue in pre save Hook[39m
2021-10-23 22:10:39:1039 [32minfo[39m: [32mUpdating account unitValue in pre save Hook[39m
2021-10-23 22:10:40:1040 [32minfo[39m: [32mUpdating account unitValue in pre save Hook[39m
2021-10-23 22:10:40:1040 [32minfo[39m: [32mSeeded 6 Accounts for user: fonyx[39m
2021-10-23 22:10:40:1040 [32minfo[39m: [32mPurging transactions for test user[39m
2021-10-23 22:10:40:1040 [32minfo[39m: [32mSeeded 8 Transactions for user: fonyx[39m
